\BOOKMARK [1][-]{section*.1}{\376\377\174\373\176\337\227\000\154\102\151\202\217\360}{}% 1
\BOOKMARK [2][-]{section*.2}{\376\377\174\373\176\337\122\237\200\375\140\047\227\000\154\102}{section*.1}% 2
\BOOKMARK [3][-]{section*.3}{\376\377\165\050\142\067\166\173\137\125\122\237\200\375\145\160\143\156\227\000\154\102}{section*.2}% 3
\BOOKMARK [3][-]{section*.4}{\376\377\165\050\142\067\154\350\121\214\122\237\200\375\145\160\143\156\227\000\154\102}{section*.2}% 4
\BOOKMARK [3][-]{section*.5}{\376\377\165\050\142\067\117\341\140\157\173\241\164\006\122\237\200\375\145\160\143\156\227\000\154\102}{section*.2}% 5
\BOOKMARK [3][-]{section*.6}{\376\377\123\072\127\337\117\341\140\157\173\241\164\006\122\237\200\375\145\160\143\156\227\000\154\102}{section*.2}% 6
\BOOKMARK [3][-]{section*.7}{\376\377\124\010\117\134\145\271\117\341\140\157\147\345\213\342\122\237\200\375\145\160\143\156\227\000\154\102}{section*.2}% 7
\BOOKMARK [3][-]{section*.8}{\376\377\124\010\117\134\145\271\117\341\140\157\117\356\145\071\122\237\200\375\145\160\143\156\227\000\154\102}{section*.2}% 8
\BOOKMARK [3][-]{section*.9}{\376\377\124\010\117\134\145\271\176\337\213\241\117\341\140\157\142\245\210\150\145\160\143\156\227\000\154\102}{section*.2}% 9
\BOOKMARK [3][-]{section*.10}{\376\377\127\072\127\060\230\204\176\246\122\237\200\375\145\160\143\156\227\000\154\102}{section*.2}% 10
\BOOKMARK [3][-]{section*.11}{\376\377\127\072\127\060\155\073\122\250\173\241\164\006\122\237\200\375\145\160\143\156\227\000\154\102}{section*.2}% 11
\BOOKMARK [3][-]{section*.12}{\376\377\127\072\127\060\155\073\122\250\176\323\173\227\145\066\215\071\122\237\200\375\145\160\143\156\227\000\154\102}{section*.2}% 12
\BOOKMARK [3][-]{section*.13}{\376\377\127\072\127\060\155\073\122\250\176\337\213\241\145\160\143\156\142\245\210\150\165\037\142\020\122\237\200\375}{section*.2}% 13
\BOOKMARK [3][-]{section*.14}{\376\377\117\303\225\000\155\073\122\250\173\241\164\006\122\237\200\375\145\160\143\156\227\000\154\102}{section*.2}% 14
\BOOKMARK [3][-]{section*.15}{\376\377\117\303\225\000\155\073\122\250\176\337\213\241\145\160\143\156\142\245\210\150\165\037\142\020\122\237\200\375}{section*.2}% 15
\BOOKMARK [3][-]{section*.16}{\376\377\124\130\135\345\147\103\226\120\173\241\164\006\122\237\200\375\145\160\143\156\227\000\154\102}{section*.2}% 16
\BOOKMARK [3][-]{section*.17}{\376\377\124\130\135\345\116\052\116\272\117\341\140\157\117\356\145\071\122\237\200\375\145\160\143\156\227\000\154\102}{section*.2}% 17
\BOOKMARK [3][-]{section*.18}{\376\377\124\130\135\345\200\003\122\344\122\237\200\375\145\160\143\156\227\000\154\102}{section*.2}% 18
\BOOKMARK [3][-]{section*.19}{\376\377\124\130\135\345\135\345\215\104\173\241\164\006\122\237\200\375\145\160\143\156\227\000\154\102}{section*.2}% 19
\BOOKMARK [3][-]{section*.20}{\376\377\124\130\135\345\135\345\215\104\176\337\213\241\142\245\210\150\165\037\142\020\122\237\200\375\145\160\143\156\227\000\154\102}{section*.2}% 20
\BOOKMARK [3][-]{section*.21}{\376\377\124\130\135\345\116\064\145\366\147\103\226\120\173\241\164\006\122\237\200\375\145\160\143\156\227\000\154\102}{section*.2}% 21
\BOOKMARK [3][-]{section*.22}{\376\377\125\106\142\067\117\341\140\157\173\241\164\006\122\237\200\375\145\160\143\156\227\000\154\102}{section*.2}% 22
\BOOKMARK [3][-]{section*.23}{\376\377\136\227\227\142\162\266\140\001\173\241\164\006\122\237\200\375\145\160\143\156\227\000\154\102}{section*.2}% 23
\BOOKMARK [3][-]{section*.24}{\376\377\125\106\142\067\117\341\140\157\176\337\213\241\142\245\210\150\122\237\200\375\145\160\143\156\227\000\154\102}{section*.2}% 24
\BOOKMARK [3][-]{section*.25}{\376\377\125\106\142\067\171\337\221\321\145\066\123\326\122\237\200\375\145\160\143\156\227\000\154\102}{section*.2}% 25
\BOOKMARK [3][-]{section*.26}{\376\377\125\106\142\067\171\337\221\321\176\337\213\241\142\245\210\150\122\237\200\375\145\160\143\156\227\000\154\102}{section*.2}% 26
\BOOKMARK [3][-]{section*.27}{\376\377\120\134\217\146\127\072\217\146\117\115\162\266\140\001\147\345\213\342\122\237\200\375\145\160\143\156\227\000\154\102}{section*.2}% 27
\BOOKMARK [3][-]{section*.28}{\376\377\120\134\217\146\127\072\121\372\121\145\217\146\213\241\215\071\122\237\200\375\145\160\143\156\227\000\154\102}{section*.2}% 28
\BOOKMARK [3][-]{section*.29}{\376\377\120\134\217\146\127\072\176\337\213\241\117\341\140\157\142\245\210\150\122\237\200\375\145\160\143\156\227\000\154\102}{section*.2}% 29
\BOOKMARK [3][-]{section*.30}{\376\377\213\276\131\007\166\321\143\247\124\214\144\315\117\134\122\237\200\375\145\160\143\156\227\000\154\102}{section*.2}% 30
\BOOKMARK [3][-]{section*.31}{\376\377\213\276\131\007\176\364\142\244\135\345\123\125\122\237\200\375\145\160\143\156\227\000\154\102}{section*.2}% 31
\BOOKMARK [3][-]{section*.32}{\376\377\176\374\124\010\163\260\221\321\155\101\142\245\210\150\122\237\200\375\145\160\143\156\227\000\154\102}{section*.2}% 32
\BOOKMARK [2][-]{section*.33}{\376\377\174\373\176\337\227\136\122\237\200\375\140\047\227\000\154\102}{section*.1}% 33
\BOOKMARK [3][-]{section*.34}{\376\377\140\047\200\375\227\000\154\102}{section*.33}% 34
\BOOKMARK [3][-]{section*.35}{\376\377\123\357\227\140\140\047\227\000\154\102}{section*.33}% 35
\BOOKMARK [3][-]{section*.36}{\376\377\121\174\133\271\140\047\227\000\154\102}{section*.33}% 36
\BOOKMARK [3][-]{section*.37}{\376\377\163\257\130\203\227\000\154\102}{section*.33}% 37
\BOOKMARK [3][-]{section*.38}{\376\377\123\357\227\140\140\047\227\000\154\102}{section*.33}% 38
\BOOKMARK [3][-]{section*.39}{\376\377\123\357\155\113\213\325\140\047\227\000\154\102}{section*.33}% 39
\BOOKMARK [3][-]{section*.40}{\376\377\123\357\176\364\142\244\140\047\227\000\154\102}{section*.33}% 40
\BOOKMARK [2][-]{section*.41}{\376\377\176\304\176\307\176\323\147\204}{section*.1}% 41
\BOOKMARK [1][-]{section*.42}{\376\377\125\106\116\032\176\374\124\010\117\123\117\341\140\157\173\241\164\006\174\373\176\337\213\276\213\241\116\016\133\236\163\260}{}% 42
\BOOKMARK [2][-]{section*.43}{\376\377\000\040\165\050\142\067\165\050\117\213}{section*.42}% 43
\BOOKMARK [3][-]{section*.44}{\376\377\165\050\142\067\165\050\117\213\213\276\213\241}{section*.43}% 44
\BOOKMARK [3][-]{section*.45}{\376\377\165\050\142\067\165\050\117\213\133\236\163\260}{section*.43}% 45
\BOOKMARK [2][-]{section*.46}{\376\377\000*\000*\165\050\117\213}{section*.42}% 46
\BOOKMARK [2][-]{section*.47}{\376\377\123\072\127\337\165\050\117\213}{section*.42}% 47
\BOOKMARK [3][-]{section*.48}{\376\377\123\072\127\337\165\050\117\213\213\276\213\241}{section*.47}% 48
\BOOKMARK [3][-]{section*.49}{\376\377\123\072\127\337\165\050\117\213\133\236\163\260}{section*.47}% 49
\BOOKMARK [2][-]{section*.50}{\376\377\124\010\117\134\145\271\165\050\117\213}{section*.42}% 50
\BOOKMARK [3][-]{section*.51}{\376\377\124\010\117\134\145\271\165\050\117\213\213\276\213\241}{section*.50}% 51
\BOOKMARK [3][-]{section*.52}{\376\377\124\010\117\134\145\271\165\050\117\213\133\236\163\260}{section*.50}% 52
\BOOKMARK [2][-]{section*.53}{\376\377\000*\000*\165\050\117\213}{section*.42}% 53
\BOOKMARK [2][-]{section*.54}{\376\377\124\130\135\345\165\050\117\213}{section*.42}% 54
\BOOKMARK [3][-]{section*.55}{\376\377\124\130\135\345\165\050\117\213\213\276\213\241}{section*.54}% 55
\BOOKMARK [3][-]{section*.56}{\376\377\124\130\135\345\165\050\117\213\133\236\163\260}{section*.54}% 56
\BOOKMARK [1][-]{section*.57}{\376\377\145\160\143\156\136\223\213\276\213\241}{}% 57
